\BOOKMARK [1][-]{section.1}{Project Drivers}{}% 1
\BOOKMARK [2][-]{subsection.1.1}{The Purpose of the Project }{section.1}% 2
\BOOKMARK [2][-]{subsection.1.2}{The Stakeholders}{section.1}% 3
\BOOKMARK [1][-]{section.2}{Project Constraints}{}% 4
\BOOKMARK [2][-]{subsection.2.1}{Mandated Constraints}{section.2}% 5
\BOOKMARK [2][-]{subsection.2.2}{Naming Conventions and Terminology }{section.2}% 6
\BOOKMARK [2][-]{subsection.2.3}{Relevant Facts and Assumptions}{section.2}% 7
\BOOKMARK [1][-]{section.3}{Functional Requirements}{}% 8
\BOOKMARK [2][-]{subsection.3.1}{The Scope of the Work}{section.3}% 9
\BOOKMARK [3][-]{subsubsection.3.1.1}{The Current Situation}{subsection.3.1}% 10
\BOOKMARK [3][-]{subsubsection.3.1.2}{The Context of The Work}{subsection.3.1}% 11
\BOOKMARK [3][-]{subsubsection.3.1.3}{Work Partitioning}{subsection.3.1}% 12
\BOOKMARK [2][-]{subsection.3.2}{Business Data Model \046 Data Dictionary}{section.3}% 13
\BOOKMARK [2][-]{subsection.3.3}{The Scope of the Product}{section.3}% 14
\BOOKMARK [3][-]{subsubsection.3.3.1}{Product Boundary}{subsection.3.3}% 15
\BOOKMARK [2][-]{subsection.3.4}{Functional Requirements}{section.3}% 16
\BOOKMARK [1][-]{section.4}{Non-functional Requirements}{}% 17
\BOOKMARK [2][-]{subsection.4.1}{Look and Feel Requirements }{section.4}% 18
\BOOKMARK [2][-]{subsection.4.2}{Usability and Humanity Requirements}{section.4}% 19
\BOOKMARK [2][-]{subsection.4.3}{Performance Requirements}{section.4}% 20
\BOOKMARK [3][-]{subsubsection.4.3.1}{Speed and Latency Requirements}{subsection.4.3}% 21
\BOOKMARK [3][-]{subsubsection.4.3.2}{Precision or Accuracy Requirements}{subsection.4.3}% 22
\BOOKMARK [3][-]{subsubsection.4.3.3}{Reliability and Availability Requirements}{subsection.4.3}% 23
\BOOKMARK [2][-]{subsection.4.4}{Operational and Environmental Requirements}{section.4}% 24
\BOOKMARK [3][-]{subsubsection.4.4.1}{Expected Physical Environment}{subsection.4.4}% 25
\BOOKMARK [3][-]{subsubsection.4.4.2}{Productization Requirements}{subsection.4.4}% 26
\BOOKMARK [3][-]{subsubsection.4.4.3}{Release Requirements}{subsection.4.4}% 27
\BOOKMARK [2][-]{subsection.4.5}{Maintainability and Support Requirements}{section.4}% 28
\BOOKMARK [2][-]{subsection.4.6}{Security Requirements}{section.4}% 29
\BOOKMARK [2][-]{subsection.4.7}{Cultural Requirements}{section.4}% 30
\BOOKMARK [2][-]{subsection.4.8}{Legal Requirements}{section.4}% 31
\BOOKMARK [1][-]{section.5}{Project Issues}{}% 32
\BOOKMARK [2][-]{subsection.5.1}{Open Issues }{section.5}% 33
\BOOKMARK [2][-]{subsection.5.2}{Off-the-Shelf Solutions}{section.5}% 34
\BOOKMARK [2][-]{subsection.5.3}{New Problems}{section.5}% 35
\BOOKMARK [2][-]{subsection.5.4}{Tasks}{section.5}% 36
\BOOKMARK [2][-]{subsection.5.5}{Migration to the New Product}{section.5}% 37
\BOOKMARK [2][-]{subsection.5.6}{Risks}{section.5}% 38
\BOOKMARK [2][-]{subsection.5.7}{Costs}{section.5}% 39
\BOOKMARK [2][-]{subsection.5.8}{User Documentation and Training}{section.5}% 40
\BOOKMARK [2][-]{subsection.5.9}{Waiting Room}{section.5}% 41
\BOOKMARK [2][-]{subsection.5.10}{Ideas for Solutions}{section.5}% 42
